[debug] [2022-11-27T16:22:07.653Z] ----------------------------------------------------------------------
[debug] [2022-11-27T16:22:07.656Z] Command:       D:\Programas\nodejs\node.exe C:\Users\Carlos\AppData\Local\Yarn\Data\global\node_modules\firebase-tools\lib\bin\firebase.js init hosting
[debug] [2022-11-27T16:22:07.657Z] CLI Version:   11.16.1
[debug] [2022-11-27T16:22:07.657Z] Platform:      win32
[debug] [2022-11-27T16:22:07.657Z] Node Version:  v16.17.0
[debug] [2022-11-27T16:22:07.659Z] Time:          Sun Nov 27 2022 13:22:07 GMT-0300 (Horário Padrão de Brasília)
[debug] [2022-11-27T16:22:07.659Z] ----------------------------------------------------------------------
[debug] 
[debug] [2022-11-27T16:22:07.669Z] > command requires scopes: ["email","openid","https://www.googleapis.com/auth/cloudplatformprojects.readonly","https://www.googleapis.com/auth/firebase","https://www.googleapis.com/auth/cloud-platform"]
[debug] [2022-11-27T16:22:07.670Z] > authorizing via signed-in user (carloseduardo.inacio.56@gmail.com)
[info] 
     ######## #### ########  ######## ########     ###     ######  ########
     ##        ##  ##     ## ##       ##     ##  ##   ##  ##       ##
     ######    ##  ########  ######   ########  #########  ######  ######
     ##        ##  ##    ##  ##       ##     ## ##     ##       ## ##
     ##       #### ##     ## ######## ########  ##     ##  ######  ########

You're about to initialize a Firebase project in this directory:

  D:\Dev\nlw-copa\web

[info] 
=== Project Setup
[info] 
[info] First, let's associate this project directory with a Firebase project.
[info] You can create multiple project aliases by running firebase use --add, 
[info] but for now we'll just set up a default project.
[info] 
[debug] [2022-11-27T16:22:20.089Z] >>> [apiv2][query] GET https://firebase.googleapis.com/v1beta1/projects pageSize=100
[debug] [2022-11-27T16:22:20.788Z] <<< [apiv2][status] GET https://firebase.googleapis.com/v1beta1/projects 200
[debug] [2022-11-27T16:22:20.789Z] <<< [apiv2][body] GET https://firebase.googleapis.com/v1beta1/projects [omitted]
[info] i  Using project nlw-copa-9c2f6 (nlw-copa) 
[info] 
=== Hosting Setup
[info] 
[info] Your public directory is the folder (relative to your project directory) that
[info] will contain Hosting assets to be uploaded with firebase deploy. If you
[info] have a build process for your assets, use your build's output directory.
[info] 
